arnold

Level 1 of the Dungeon
(0, 0, D:1)
  a +0 dagger
(9, 13, D:1)
  a blade talisman
(18, -10, D:1)
  a +0 club
(19, 17, D:1)
  a +0 spear
(26, 15, D:1)
  a +0 club
(36, 16, D:1)
  2 stones
(39, 24, D:1)
  a +0 club
(43, 29, D:1)
  a +0 club
(45, 29, D:1)
  a +0 chain mail

Level 2 of the Dungeon
(0, 0, D:2)
  8 stones
(6, 6, D:2)
  4 stones
(8, -9, D:2)
  a +0 chain mail
  a +0 short sword
(9, -8, D:2)
  a +0 club
(11, 31, D:2)
  a +0 sling
(12, 5, D:2)
  a +0 shortbow
(18, -1, D:2)
  a +0 club
(39, -15, D:2)
  a +0 robe
(41, -19, D:2)
  6 stones
(41, -9, D:2)
  a +0 short sword
  4 stones
(43, 23, D:2)
  a +0 dagger
(45, 28, D:2)
  a +0 robe
(50, 20, D:2)
  a +0 club

Level 3 of the Dungeon
[Shop] Suono's Weapon Shoppe
  a +0 sling (16 gold)
  2 stones (2 gold)
  a +0 whip (27 gold)
  a +0 battleaxe of venom (107 gold)
  a +1 rapier of protection (129 gold)
  a +0 trident (38 gold)
  a +0 dagger (22 gold)
(0, 0, D:3)
  5 stones
(4, -6, D:3)
  a +0 hand axe
(13, 11, D:3)
  a +0 club
(15, 1, D:3)
  3 scrolls of enchant armour
(16, 2, D:3)
  a scroll of enchant weapon
(17, 20, D:3)
  a +0 falchion
(24, -4, D:3)
  a +0 short sword
(24, -3, D:3)
  a +0 flail
  a +0 scale mail
(24, -2, D:3)
  a +0 flail
(25, 7, D:3)
  a +0 flail
(29, -19, D:3)
  a +0 dagger
  a +0 robe
(30, -20, D:3)
  a +0 spear
(34, -14, D:3)
  a +0 hand axe
  a +0 flail
(38, -14, D:3)
  a +0 ring mail
  a +0 whip
(41, 7, D:3)
  a +0 club
  2 stones
(42, -18, D:3)
  a +0 leather armour
(42, 6, D:3)
  a +0 dagger
  a +0 robe
(42, 8, D:3)
  a +0 short sword
(48, 9, D:3)
  a +0 club
(50, -6, D:3)
  a +0 club
(50, 11, D:3)
  a +0 whip
(61, 7, D:3)
  a +0 robe

Level 4 of the Dungeon
(0, 0, D:4)
  a +0 club
(11, -3, D:4)
  5 stones
(20, 11, D:4)
  3 potions of curing
(23, -47, D:4)
  a +0 flail
(31, -46, D:4)
  a +0 flail
  a +0 flail
(31, 8, D:4)
  a +0 short sword
(33, -46, D:4)
  a +0 flail
(33, -44, D:4)
  a +0 club
  a +0 robe
(33, -43, D:4)
  a +0 giant club
(34, 10, D:4)
  a +0 spear
(42, -38, D:4)
  a +0 club
(51, 7, D:4)
  a +0 scale mail
(55, -38, D:4)
  a +0 halberd
(56, -6, D:4)
  a stone

Level 5 of the Dungeon
(0, 0, D:5)
  a +0 sling
(4, 17, D:5)
  a +0 mace
(5, 11, D:5)
  a +0 giant spiked club
(10, -8, D:5)
  a +0 mace
(13, -1, D:5)
  a +0 hand axe
(24, -7, D:5)
  a +0 whip
(28, -18, D:5)
  a +0 scale mail
(29, -24, D:5)
  3 stones
(29, -22, D:5)
  3 stones
(44, -1, D:5)
  a +6 ring of intelligence

Level 6 of the Dungeon
(7, -12, D:6)
  a +0 rapier
(11, 9, D:6)
  a staff of death
(15, 25, D:6)
  a potion of curing
(16, 20, D:6)
  a scroll of amnesia
(20, -19, D:6)
  a +0 flail
(34, 2, D:6)
  a scroll of amnesia
(40, 0, D:6)
  2 stones
(43, 13, D:6)
  a +0 giant club
(54, -22, D:6)
  a +0 leather armour
(54, -21, D:6)
  10 gold pieces
(54, -20, D:6)
  a beast talisman
(55, -22, D:6)
  a scroll of acquirement
(55, -21, D:6)
  a scroll of immolation
(55, -20, D:6)
  a +0 rapier
(56, -22, D:6)
  a potion of curing
(56, -21, D:6)
  a book of Decay
(56, -20, D:6)
  a stone
(58, -9, D:6)
  a +0 club
  a +0 ring mail

Level 7 of the Dungeon
(0, 0, D:7)
  a +0 arbalest
(1, 36, D:7)
  a +0 flail
(4, 17, D:7)
  a +0 giant spiked club
(4, 38, D:7)
  a +0 giant spiked club
(5, 30, D:7)
  a +0 robe
  a +0 falchion
(10, 31, D:7)
  a +0 scimitar
  a +0 robe
(12, 28, D:7)
  a +5 war axe of freezing
  a +0 robe
(13, 46, D:7)
  a +0 dagger
  a +0 robe
(23, -2, D:7)
  a +0 hammer
(26, -1, D:7)
  a +3 quarterstaff of chaos
  a +0 cloak
(29, 9, D:7)
  a ring of magical power
(36, 10, D:7)
  a +0 pair of boots
(36, 13, D:7)
  a +1 pair of gloves
(36, 34, D:7)
  3 stones
(42, 39, D:7)
  a +0 scimitar
  a +0 plate armour
(44, 40, D:7)
  a +0 hand axe
  a +0 ring mail
(45, 40, D:7)
  a +0 club
(46, 26, D:7)
  a +0 plate armour
(47, 39, D:7)
  a +0 giant spiked club
(48, 4, D:7)
  a +0 ring mail
(48, 31, D:7)
  a +0 pair of gloves
(52, 36, D:7)
  a +0 robe
  a +1 great sword
(53, 36, D:7)
  a +0 robe
  a +4 dagger
(54, 38, D:7)
  the +0 chain mail of Lann {rPois Int-3 Stlth+}
    Int-3:      It affects your intelligence (-3).
    rPois:      It protects you from poison
    Stlth+:     It makes you more stealthy.

Level 8 of the Dungeon
(1, 0, D:8)
  a ring of poison resistance
(13, -4, D:8)
  a +0 robe
  a +0 scimitar
(13, -3, D:8)
  2 stones
(14, -5, D:8)
  a stone
(16, -2, D:8)
  a +0 robe
  a +3 dagger
(20, -33, D:8)
  +0 acid dragon scales
(20, -32, D:8)
  a +0 dagger
(21, -31, D:8)
  a +0 dagger
  a +0 robe
(24, -23, D:8)
  a +4 whip
(25, -23, D:8)
  a +0 spear
(26, -23, D:8)
  a +0 spear
(38, -11, D:8)
  a +0 spear
  a +0 robe
(39, -10, D:8)
  a +1 mace of protection
  a +0 robe

Level 9 of the Dungeon
(13, -11, D:9)
  a +4 dagger
(15, -11, D:9)
  a +0 battleaxe
  a +0 chain mail
  a +0 whip
  a +0 leather armour
(15, 4, D:9)
  +0 acid dragon scales
(33, 4, D:9)
  a +0 falchion
(46, -14, D:9)
  a +0 pair of gloves
(51, -17, D:9)
  a +0 shortbow of flaming
(51, 16, D:9)
  a +0 club
(52, 14, D:9)
  a +0 halberd
  a +0 chain mail
(52, 15, D:9)
  a +0 trident
  a +0 scale mail of poison resistance
(56, -5, D:9)
  a +0 club
  a +0 whip
(56, -4, D:9)
  a +0 flail
  a +0 ring mail of fire resistance

Level 10 of the Dungeon
[Shop] Uxiceykh's Assorted Antiques
  a +0 robe (15 gold)
  a potion of magic (176 gold)
  a +0 ring mail (88 gold)
  an orb of mayhem (286 gold)
  a scroll of immolation (88 gold)
(0, 0, D:10)
  a +0 spear
(0, 31, D:10)
  a +0 leather armour
(2, 21, D:10)
  a +0 flail
(4, 15, D:10)
  a potion of degeneration
(10, 24, D:10)
  a +0 short sword
(14, 26, D:10)
  2 stones
(16, 23, D:10)
  a scroll of immolation
(20, 4, D:10)
  a +0 dagger
(21, 4, D:10)
  a +0 dagger
  a +2 robe of positive energy
(22, 16, D:10)
  2 scrolls of immolation
(26, 25, D:10)
  a yak corpse (skeletalised by now)
(27, 25, D:10)
  a yak corpse (skeletalised by now)
(28, 4, D:10)
  a +0 leather armour
(28, 27, D:10)
  a +0 robe
  a +0 dagger
(31, 27, D:10)
  a +0 dagger
(34, 14, D:10)
  a maw talisman
(42, 30, D:10)
  8 stones
(45, 15, D:10)
  a +4 short sword
(46, -5, D:10)
  a +0 robe
  a +0 dagger
  a +0 robe
  a +0 dagger
  an orc corpse
(46, 14, D:10)
  a +0 dagger
(46, 15, D:10)
  a +0 dagger
(48, 2, D:10)
  4 stones
(50, 15, D:10)
  a +0 sling

Level 11 of the Dungeon
(0, 0, D:11)
  a +0 chain mail
  a +1 heavy trident
(0, 2, D:11)
  a yak corpse (skeletalised by now)
(0, 6, D:11)
  a scroll of vulnerability
(4, -3, D:11)
  a +0 scale mail
  a +0 mace
(13, -7, D:11)
  a potion of might
(14, 0, D:11)
  32 gold pieces
(14, 33, D:11)
  8 stones
(15, -6, D:11)
  a +0 chain mail
(15, -1, D:11)
  16 gold pieces
(15, 1, D:11)
  a +0 falchion
(20, 28, D:11)
  a +0 giant spiked club
  a +0 giant club
  a two-headed ogre corpse
(33, 10, D:11)
  a manticore corpse
(43, 26, D:11)
  a +0 dagger
  a +0 robe
  an orc corpse
(50, 19, D:11)
  a +0 whip
(50, 25, D:11)
  16 gold pieces
(51, -4, D:11)
  a +0 scale mail
(52, 17, D:11)
  a +2 vampiric hand axe

the Ecumenical Temple

