arnold

Level 1 of the Dungeon
[Shop] Atohymno's Magic Scroll Emporium
  a scroll of blinking (97 gold)
  a scroll of revelation (97 gold)
  a scroll of teleportation (39 gold)
  a scroll of revelation (97 gold)
  a scroll of immolation (52 gold)
  a scroll of enchant armour (97 gold)
  a scroll of identify (26 gold)
  a scroll of enchant weapon (97 gold)
(0, 0, D:1)
  a +0 dagger
  3 stones
(13, 17, D:1)
  a +0 short sword
  a kobold corpse
(29, 12, D:1)
  a giant cockroach corpse
(31, 25, D:1)
  5 stones
(44, 14, D:1)
  a bat corpse (skeletalised by now)
(48, 13, D:1)
  a frilled lizard corpse (skeletalised by now)
  a frilled lizard corpse (skeletalised by now)

