arnold

Level 1 of the Dungeon
(0, 0, D:1)
  a +0 spear
(19, -10, D:1)
  a +0 club
(19, -1, D:1)
  a flux talisman
(20, 4, D:1)
  a +0 short sword
  3 stones
(31, -10, D:1)
  a +0 club
(34, 2, D:1)
  5 boomerangs
(45, 9, D:1)
  a +0 hand axe
(52, 14, D:1)
  2 stones

Level 2 of the Dungeon
(0, 0, D:2)
  a book of Decay
(11, -8, D:2)
  a +0 leather armour
(51, 7, D:2)
  a book of Misfortune

Level 3 of the Dungeon
(0, 0, D:3)
  a +0 ring mail
(7, 7, D:3)
  a +0 club
(9, 4, D:3)
  a +1 animal skin
(16, -23, D:3)
  a book of Dreams
(24, -23, D:3)
  a +0 trident
(34, 7, D:3)
  a +0 dagger
(41, -2, D:3)
  a +0 dagger
(55, 1, D:3)
  a book of Air

Level 4 of the Dungeon
(0, 0, D:4)
  a +0 orcbow
(1, 6, D:4)
  a +0 leather armour
(4, -1, D:4)
  a +0 dagger
  a stone
(6, -1, D:4)
  a +0 whip
  a +0 scale mail
(10, -3, D:4)
  6 stones
(12, 12, D:4)
  7 stones
(17, -37, D:4)
  a stone
(20, -19, D:4)
  a +0 club
(20, -6, D:4)
  a +0 ring mail
(21, -34, D:4)
  a +0 robe

Level 5 of the Dungeon
(0, 0, D:5)
  a +0 leather armour
(2, 5, D:5)
  a +0 trident
  a +2 robe of willpower
(2, 13, D:5)
  a +0 whip
  4 stones
(4, -2, D:5)
  a +0 whip
  a +0 ring mail
(5, -3, D:5)
  a +0 dagger
  a +0 leather armour
  a +0 short sword
(5, 7, D:5)
  a +4 flail of holy wrath
  a +0 leather armour
(5, 10, D:5)
  7 stones
(5, 14, D:5)
  a +0 dagger
(6, -3, D:5)
  a +0 short sword
(9, 17, D:5)
  a +0 club
(18, 9, D:5)
  +0 steam dragon scales
(19, -4, D:5)
  a +0 rapier
(28, 16, D:5)
  a +0 dagger
(40, 29, D:5)
  8 stones
(41, -10, D:5)
  a +3 quarterstaff of chaos
(44, -11, D:5)
  a +0 hammer

Level 6 of the Dungeon
(0, 0, D:6)
  a staff of cold
(0, 1, D:6)
  a water moccasin corpse
(6, -2, D:6)
  8 gold pieces
(6, 4, D:6)
  a scorpion corpse
(8, 5, D:6)
  a +0 quarterstaff
(9, 0, D:6)
  a book of Dreams
(10, 9, D:6)
  a +0 falchion

