Ozuaw-

Level 1 of the Dungeon
(0, 0, D:1)
  5 stones
(6, -1, D:1)
  a jackal corpse (skeletalised by now)
  a jackal corpse (skeletalised by now)
(7, -10, D:1)
  a +0 dagger
(10, -3, D:1)
  2 stones
(22, -30, D:1)
  a +0 ring mail
(22, 0, D:1)
  3 stones
(36, -27, D:1)
  a ball python corpse (skeletalised by now)
(39, -7, D:1)
  a scale mail
(57, -25, D:1)
  a +0 dagger

Level 2 of the Dungeon
(0, 0, D:2)
  an adder corpse
(0, 15, D:2)
  a jackal corpse
(0, 16, D:2)
  a dart slug corpse
(1, 15, D:2)
  a jackal corpse
  a jackal corpse
(8, 1, D:2)
  a quokka corpse
(9, 0, D:2)
  a +0 robe
  a hobgoblin corpse
(15, 12, D:2)
  a +0 dagger
  4 stones
  a kobold corpse
(26, 10, D:2)
  5 stones
(34, 15, D:2)
  a bat corpse

